<?xml version="1.0" encoding="UTF-8"?>
<!-- Generated by org.testng.reporters.JUnitXMLReporter -->
<testsuite hostname="FA051053" ignored="0" name="Default test" tests="3" failures="0" timestamp="05 Jul 2020 19:20:26 GMT" time="71.587" errors="0">
  <testcase name="task1_CrossDeviceElementsTest" time="16.622" classname="tests.ModernTestsV2"/>
  <testcase name="task2_ShoppingExperienceTest" time="12.27" classname="tests.ModernTestsV2"/>
  <testcase name="task3_ProductDetailsTest" time="15.318" classname="tests.ModernTestsV2"/>
</testsuite> <!-- Default test -->
